<?xml version="1.0" encoding="UTF-8"?>
<!-- Generated by org.testng.reporters.JUnitReportReporter -->
<testsuite hostname="George-Macbook-Air" failures="0" tests="5" name="com.webform.automation.runners.TestRunner" time="13.985" errors="0" timestamp="2025-02-27T22:58:43 EET" skipped="0">
  <testcase classname="com.webform.automation.runners.TestRunner" name="runScenario" time="1.832"/>
  <system-out/>
  <testcase classname="com.webform.automation.runners.TestRunner" name="runScenario" time="2.690"/>
  <system-out/>
  <testcase classname="com.webform.automation.runners.TestRunner" name="runScenario" time="5.307"/>
  <system-out/>
  <testcase classname="com.webform.automation.runners.TestRunner" name="runScenario" time="1.925"/>
  <system-out/>
  <testcase classname="com.webform.automation.runners.TestRunner" name="runScenario" time="2.231"/>
  <system-out/>
</testsuite> <!-- com.webform.automation.runners.TestRunner -->
