<?xml version="1.0" encoding="UTF-8"?>
<!-- Generated by org.testng.reporters.JUnitReportReporter -->
<testsuite hostname="DESKTOP-ODCJTJ0" failures="0" tests="3" name="com.webform.automation.runners.UiTestRunner" time="16.857" errors="0" timestamp="2025-02-27T21:45:01 GMT" skipped="0">
  <testcase classname="com.webform.automation.runners.UiTestRunner" name="runScenario" time="8.689"/>
  <system-out/>
  <testcase classname="com.webform.automation.runners.UiTestRunner" name="runScenario" time="3.905"/>
  <system-out/>
  <testcase classname="com.webform.automation.runners.UiTestRunner" name="runScenario" time="4.263"/>
  <system-out/>
</testsuite> <!-- com.webform.automation.runners.UiTestRunner -->
