<?xml version="1.0" encoding="UTF-8"?>
<!-- Generated by org.testng.reporters.JUnitReportReporter -->
<testsuite hostname="DESKTOP-ODCJTJ0" failures="0" tests="2" name="com.webform.automation.runners.ApiTestRunner" time="7.631" errors="0" timestamp="2025-02-27T21:44:08 GMT" skipped="0">
  <testcase classname="com.webform.automation.runners.ApiTestRunner" name="runScenario" time="6.627"/>
  <system-out/>
  <testcase classname="com.webform.automation.runners.ApiTestRunner" name="runScenario" time="1.004"/>
  <system-out/>
</testsuite> <!-- com.webform.automation.runners.ApiTestRunner -->
